{"name": "test_checkboxes_and_radio", "status": "failed", "statusDetails": {"message": "AssertionError: assert 'You have selected : home' in 'You have selected :\\nhome\\ndesktop\\nnotes\\ncommands\\ndocuments\\nworkspace\\nreact\\nangular\\nveu\\noffice\\npublic\\nprivate\\nclassified\\ngeneral\\ndownloads\\nwordFile\\nexcelFile'\n +  where 'You have selected :\\nhome\\ndesktop\\nnotes\\ncommands\\ndocuments\\nworkspace\\nreact\\nangular\\nveu\\noffice\\npublic\\nprivate\\nclassified\\ngeneral\\ndownloads\\nwordFile\\nexcelFile' = get_element_text(('id', 'result'))\n +    where get_element_text = <pageObjects.BasePage.BasePage object at 0x000002B72E6622C0>.get_element_text", "trace": "self = <testCases.test_004_advanced_features.Test_004_AdvancedFeatures object at 0x000002B72E6610F0>\n\n    @pytest.mark.regression\n    def test_checkboxes_and_radio(self):\n        self.logger.info(\"**** Starting test_checkboxes_and_radio ****\")\n        self.driver.get(f\"{self.demoqa_url}/checkbox\")\n        bp = BasePage(self.driver)\n    \n        # Checkboxes on DemoQA are tricky, they use labels.\n        checkbox_label = (By.CSS_SELECTOR, \"label[for='tree-node-home']\")\n        result_text = (By.ID, \"result\")\n    \n        # Use JS click as they are not standard inputs\n        bp.do_js_click(checkbox_label)\n>       assert \"You have selected : home\" in bp.get_element_text(result_text)\nE       AssertionError: assert 'You have selected : home' in 'You have selected :\\nhome\\ndesktop\\nnotes\\ncommands\\ndocuments\\nworkspace\\nreact\\nangular\\nveu\\noffice\\npublic\\nprivate\\nclassified\\ngeneral\\ndownloads\\nwordFile\\nexcelFile'\nE        +  where 'You have selected :\\nhome\\ndesktop\\nnotes\\ncommands\\ndocuments\\nworkspace\\nreact\\nangular\\nveu\\noffice\\npublic\\nprivate\\nclassified\\ngeneral\\ndownloads\\nwordFile\\nexcelFile' = get_element_text(('id', 'result'))\nE        +    where get_element_text = <pageObjects.BasePage.BasePage object at 0x000002B72E6622C0>.get_element_text\n\ntestCases\\test_004_advanced_features.py:106: AssertionError"}, "attachments": [{"name": "screenshot_on_failure", "source": "b1c8b632-89f2-4afe-b670-88c0b5ab3766-attachment.png", "type": "image/png"}, {"name": "log", "source": "de45fc13-ef7a-48ca-a727-dc7346ce81ff-attachment.txt", "type": "text/plain"}], "start": 1761069800475, "stop": 1761069809714, "uuid": "af3189cc-6ab3-477d-94f9-0c28c2630b33", "historyId": "14c764ce543db52aabf3adaa3b270c1f", "testCaseId": "14c764ce543db52aabf3adaa3b270c1f", "fullName": "testCases.test_004_advanced_features.Test_004_AdvancedFeatures#test_checkboxes_and_radio", "labels": [{"name": "tag", "value": "regression"}, {"name": "parentSuite", "value": "testCases"}, {"name": "suite", "value": "test_004_advanced_features"}, {"name": "subSuite", "value": "Test_004_AdvancedFeatures"}, {"name": "host", "value": "ASCENDI-S70S5SL"}, {"name": "thread", "value": "9124-MainThread"}, {"name": "framework", "value": "pytest"}, {"name": "language", "value": "cpython3"}, {"name": "package", "value": "testCases.test_004_advanced_features"}], "titlePath": ["testCases", "test_004_advanced_features.py", "Test_004_AdvancedFeatures"]}